c:\users\saman\documents\coding\myprojects\sracengine\sracengine\debug\vc143.pdb
c:\users\saman\documents\coding\myprojects\sracengine\sracengine\debug\vc143.idb
c:\users\saman\documents\coding\myprojects\sracengine\sracengine\debug\memtrack.obj
c:\users\saman\documents\coding\myprojects\sracengine\sracengine\debug\mapdebugging.obj
c:\users\saman\documents\coding\myprojects\sracengine\sracengine\debug\logging.obj
c:\users\saman\documents\coding\myprojects\sracengine\sracengine\debug\frameratecontroller.obj
c:\users\saman\documents\coding\myprojects\sracengine\sracengine\debug\debugdraw.obj
c:\users\saman\documents\coding\myprojects\sracengine\sracengine\debug\maths.obj
c:\users\saman\documents\coding\myprojects\sracengine\sracengine\debug\quadcollider.obj
c:\users\saman\documents\coding\myprojects\sracengine\sracengine\debug\collider.obj
c:\users\saman\documents\coding\myprojects\sracengine\sracengine\debug\soundcontroller.obj
c:\users\saman\documents\coding\myprojects\sracengine\sracengine\debug\channel.obj
c:\users\saman\documents\coding\myprojects\sracengine\sracengine\debug\audiomanager.obj
c:\users\saman\documents\coding\myprojects\sracengine\sracengine\debug\audio.obj
c:\users\saman\documents\coding\myprojects\sracengine\sracengine\debug\animator.obj
c:\users\saman\documents\coding\myprojects\sracengine\sracengine\debug\animationreader.obj
c:\users\saman\documents\coding\myprojects\sracengine\sracengine\debug\animation.obj
c:\users\saman\documents\coding\myprojects\sracengine\sracengine\debug\pch.obj
c:\users\saman\documents\coding\myprojects\sracengine\sracengine\debug\main.obj
c:\users\saman\documents\coding\myprojects\sracengine\sracengine\debug\movementsystem.obj
c:\users\saman\documents\coding\myprojects\sracengine\sracengine\debug\animationsystem.obj
c:\users\saman\documents\coding\myprojects\sracengine\sracengine\debug\configs.obj
c:\users\saman\documents\coding\myprojects\sracengine\sracengine\debug\renderer.obj
c:\users\saman\documents\coding\myprojects\sracengine\sracengine\debug\renderable.obj
c:\users\saman\documents\coding\myprojects\sracengine\sracengine\debug\systemstatemanager.obj
c:\users\saman\documents\coding\myprojects\sracengine\sracengine\debug\startupstate.obj
c:\users\saman\documents\coding\myprojects\sracengine\sracengine\debug\pregamestate.obj
c:\users\saman\documents\coding\myprojects\sracengine\sracengine\debug\pausestate.obj
c:\users\saman\documents\coding\myprojects\sracengine\sracengine\debug\gamestate.obj
c:\users\saman\documents\coding\myprojects\sracengine\sracengine\debug\gamesetup.obj
c:\users\saman\documents\coding\myprojects\sracengine\sracengine\debug\gamecontroller.obj
c:\users\saman\documents\coding\myprojects\sracengine\sracengine\debug\loadingmanager.obj
c:\users\saman\documents\coding\myprojects\sracengine\sracengine\debug\loadingbar.obj
c:\users\saman\documents\coding\myprojects\sracengine\sracengine\debug\gamedata.obj
c:\users\saman\documents\coding\myprojects\sracengine\sracengine\debug\camerashake.obj
c:\users\saman\documents\coding\myprojects\sracengine\sracengine\debug\camera.obj
c:\users\saman\documents\coding\myprojects\sracengine\sracengine\debug\dispatcher.obj
c:\users\saman\documents\coding\myprojects\sracengine\sracengine\debug\rendersystem.obj
c:\users\saman\documents\coding\myprojects\sracengine\sracengine\debug\playerinputsystem.obj
c:\users\saman\documents\coding\myprojects\sracengine\sracengine\debug\entitymanager.obj
c:\users\saman\documents\coding\myprojects\sracengine\sracengine\debug\uieditor.obj
c:\users\saman\documents\coding\myprojects\sracengine\sracengine\debug\performanceprofiler.obj
c:\users\saman\documents\coding\myprojects\sracengine\sracengine\debug\imgui.obj
c:\users\saman\documents\coding\myprojects\sracengine\sracengine\debug\window.obj
c:\users\saman\documents\coding\myprojects\sracengine\sracengine\debug\xmlparser.obj
c:\users\saman\documents\coding\myprojects\sracengine\sracengine\debug\xmlnode.obj
c:\users\saman\documents\coding\myprojects\sracengine\sracengine\debug\textfilereader.obj
c:\users\saman\documents\coding\myprojects\sracengine\sracengine\debug\statreader.obj
c:\users\saman\documents\coding\myprojects\sracengine\sracengine\debug\filemanager.obj
c:\users\saman\documents\coding\myprojects\sracengine\sracengine\debug\configmanager.obj
c:\users\saman\documents\coding\myprojects\sracengine\sracengine\debug\config.obj
c:\users\saman\documents\coding\myprojects\sracengine\sracengine\debug\physics.obj
c:\users\saman\documents\coding\myprojects\sracengine\sracengine\debug\inputmanager.obj
c:\users\saman\documents\coding\myprojects\sracengine\sracengine\debug\cursor.obj
c:\users\saman\documents\coding\myprojects\sracengine\sracengine\debug\button.obj
c:\users\saman\documents\coding\myprojects\sracengine\sracengine\debug\tileset.obj
c:\users\saman\documents\coding\myprojects\sracengine\sracengine\debug\texturemap.obj
c:\users\saman\documents\coding\myprojects\sracengine\sracengine\debug\texturemanager.obj
c:\users\saman\documents\coding\myprojects\sracengine\sracengine\debug\texture.obj
c:\users\saman\documents\coding\myprojects\sracengine\sracengine\debug\renderpacket.obj
c:\users\saman\documents\coding\myprojects\sracengine\sracengine\debug\rendermanager.obj
c:\users\saman\documents\coding\myprojects\sracengine\sracengine\debug\mainmenuscreen.obj
c:\users\saman\documents\coding\myprojects\sracengine\sracengine\debug\loadingscreen.obj
c:\users\saman\documents\coding\myprojects\sracengine\sracengine\debug\gamescreen.obj
c:\users\saman\documents\coding\myprojects\sracengine\sracengine\debug\gameoverscreen.obj
c:\users\saman\documents\coding\myprojects\sracengine\sracengine\debug\screenlayers.obj
c:\users\saman\documents\coding\myprojects\sracengine\sracengine\debug\screencontroller.obj
c:\users\saman\documents\coding\myprojects\sracengine\sracengine\debug\uiwindow.obj
c:\users\saman\documents\coding\myprojects\sracengine\sracengine\debug\uitextbox.obj
c:\users\saman\documents\coding\myprojects\sracengine\sracengine\debug\uiswitch.obj
c:\users\saman\documents\coding\myprojects\sracengine\sracengine\debug\uislider.obj
c:\users\saman\documents\coding\myprojects\sracengine\sracengine\debug\uielement.obj
c:\users\saman\documents\coding\myprojects\sracengine\sracengine\debug\uibutton.obj
c:\users\saman\documents\coding\myprojects\sracengine\sracengine\debug\uibox.obj
c:\users\saman\documents\coding\myprojects\sracengine\sracengine\debug\imgui_sdl.obj
c:\users\saman\documents\coding\myprojects\sracengine\sracengine\debug\imgui_impl_sdlrenderer2.obj
c:\users\saman\documents\coding\myprojects\sracengine\sracengine\debug\imgui_widgets.obj
c:\users\saman\documents\coding\myprojects\sracengine\sracengine\debug\imgui_tables.obj
c:\users\saman\documents\coding\myprojects\sracengine\sracengine\debug\imgui_draw.obj
c:\users\saman\documents\coding\myprojects\sracengine\sracengine\debug\imgui_demo.obj
c:\users\saman\documents\coding\myprojects\sracengine\sracengine\debug\typedefs.obj
c:\users\saman\documents\coding\myprojects\sracengine\sracengine\debug\stringbuffers.obj
c:\users\saman\documents\coding\myprojects\sracengine\sracengine\debug\colour.obj
c:\users\saman\documents\coding\myprojects\sracengine\sracengine\debug\property.obj
c:\users\saman\documents\coding\myprojects\sracengine\sracengine\debug\nsisfileoutput.obj
c:\users\saman\documents\coding\myprojects\sracengine\sracengine\debug\stringmap.obj
c:\users\saman\documents\coding\myprojects\sracengine\sracengine\debug\propertymap.obj
c:\users\saman\documents\coding\myprojects\sracengine\sracengine\debug\helpers.obj
c:\users\saman\documents\coding\myprojects\sracengine\sracengine\debug\buffer.obj
c:\users\saman\documents\coding\myprojects\sracengine\sracengine\debug\basicstring.obj
c:\users\saman\documents\coding\myprojects\sracengine\sracengine\debug\uimanager.obj
c:\users\saman\documents\coding\myprojects\sracengine\sracengine\debug\uieventhandler.obj
c:\users\saman\documents\coding\myprojects\sracengine\sracengine\debug\text.obj
c:\users\saman\documents\coding\myprojects\sracengine\sracengine\debug\font.obj
c:\users\saman\documents\coding\myprojects\sracengine\sracengine\debug\settingsscreen.obj
c:\users\saman\documents\coding\myprojects\sracengine\sracengine\debug\screen.obj
c:\users\saman\documents\coding\myprojects\sracengine\sracengine\debug\popupscreen.obj
c:\users\saman\documents\coding\myprojects\sracengine\sracengine\debug\pausescreen.obj
c:\users\saman\documents\coding\myprojects\sracengine\sracengine\debug\imgui_impl_sdl2.obj
c:\users\saman\documents\coding\myprojects\sracengine\sracengine\debug\sracengine.ilk
c:\users\saman\documents\coding\myprojects\sracengine\debug\sracengine.pdb
c:\users\saman\documents\coding\myprojects\sracengine\debug\sracengine.exe
c:\users\saman\documents\coding\myprojects\sracengine\sracengine\debug\sracengine.tlog\cl.command.1.tlog
c:\users\saman\documents\coding\myprojects\sracengine\sracengine\debug\sracengine.tlog\cl.items.tlog
c:\users\saman\documents\coding\myprojects\sracengine\sracengine\debug\sracengine.tlog\cl.read.1.tlog
c:\users\saman\documents\coding\myprojects\sracengine\sracengine\debug\sracengine.tlog\cl.write.1.tlog
c:\users\saman\documents\coding\myprojects\sracengine\sracengine\debug\sracengine.tlog\link.command.1.tlog
c:\users\saman\documents\coding\myprojects\sracengine\sracengine\debug\sracengine.tlog\link.read.1.tlog
c:\users\saman\documents\coding\myprojects\sracengine\sracengine\debug\sracengine.tlog\link.write.1.tlog
